<component name="ProjectRunConfigurationManager">
  <configuration default="false" name="test-being-demoed" type="JUnit" factoryName="JUnit">
    <module name="quick-meetings" />
    <option name="MAIN_CLASS_NAME" value="" />
    <option name="METHOD_NAME" value="" />
    <option name="TEST_OBJECT" value="tags" />
    <tag value="test-being-demoed" />
    <method v="2">
      <option name="Make" enabled="true" />
    </method>
  </configuration>
</component>